[2026-01-19T22:19:27.551264] [ERROR] Analysis failed: FATAL INVARIANT FAILURE: Issue 'SECTION_16_4_VIOLATION' cannot be mapped to an SOP Point. DB and Fallback failed. | Context: {'error': "FATAL INVARIANT FAILURE: Issue 'SECTION_16_4_VIOLATION' cannot be mapped to an SOP Point. DB and Fallback failed."}
[2026-01-19T22:44:49.639502] [ERROR] Analysis failed: year must be in 1..9999, not 202023 | Context: {'error': 'year must be in 1..9999, not 202023'}
[2026-01-19T22:45:05.493772] [ERROR] Analysis failed: year must be in 1..9999, not 202023 | Context: {'error': 'year must be in 1..9999, not 202023'}
[2026-01-19T22:47:39.840567] [ERROR] Analysis failed: year must be in 1..9999, not 202023 | Context: {'error': 'year must be in 1..9999, not 202023'}
[2026-01-19T22:47:53.570981] [ERROR] Analysis failed: year must be in 1..9999, not 202023 | Context: {'error': 'year must be in 1..9999, not 202023'}
[2026-01-19T23:00:30.356986] [ERROR] Analysis failed: year must be in 1..9999, not 202023 | Context: {'error': 'year must be in 1..9999, not 202023'}
[2026-01-19T23:09:55.322466] [ERROR] Analysis failed: year must be in 1..9999, not 202023 | Context: {'error': 'year must be in 1..9999, not 202023'}
[2026-01-19T23:13:23.743852] [ERROR] Analysis failed: year must be in 1..9999, not 202023 | Context: {'error': 'year must be in 1..9999, not 202023'}
[2026-01-19T23:21:41.129330] [ERROR] Analysis failed: year must be in 1..9999, not 202023 | Context: {'error': 'year must be in 1..9999, not 202023'}
[2026-01-19T23:31:51.960856] [ERROR] Analysis failed: 'str' object has no attribute 'get' | Context: {'error': "'str' object has no attribute 'get'"}
[2026-01-20T11:24:43.525924] [ERROR] Analysis failed: ILLEGAL STATE TRANSITION: INIT -> ANALYZED | Context: {'error': 'ILLEGAL STATE TRANSITION: INIT -> ANALYZED'}
[2026-01-21T22:36:17.180854] [ERROR] Analysis failed: 'ScrutinyParser' object has no attribute '_parse_group_b_itc_summary' | Context: {'error': "'ScrutinyParser' object has no attribute '_parse_group_b_itc_summary'"}
[2026-02-04 11:57:39,388] [ERROR] Error extracting GSTR-3B metadata from D:/WORK/Scrutiny 2022-23/scrutinyfinolexcables202223/GSTR3B_32AAACF2637D1Z9_032023.pdf: name 'results' is not defined
[2026-02-04 13:46:06,664] [ERROR] Error extracting GSTR-1 metadata from D:/WORK/Scrutiny 2022-23/scrutinyfinolexcables202223/GSTR-1_IFF_32AAACF2637D1Z9_032023.pdf: name 're_IGNORECASE' is not defined
[2026-02-10 10:22:40,519] [ERROR] Error extracting GSTR-1 metadata from D:/WORK/Scrutiny 2022-23/scrutinyfinolexcables202223/GSTR-1_IFF_32AAACF2637D1Z9_032023.pdf: name 're_IGNORECASE' is not defined
[2026-02-13 11:50:50,142] [ERROR] Error extracting GSTR-1 metadata from D:/WORK/Scrutiny 2022-23/pactmachinesscrutiny202223/GSTR-1_IFF_32AAFCP2036B1Z5_032023.pdf: name 're_IGNORECASE' is not defined
[2026-02-13T11:51:37.404371] [ERROR] Analysis failed: ILLEGAL STATE TRANSITION: INIT -> ANALYZED | Context: {'error': 'ILLEGAL STATE TRANSITION: INIT -> ANALYZED'}
[2026-02-13T11:53:42.698106] [ERROR] Analysis failed: ILLEGAL STATE TRANSITION: INIT -> ANALYZED | Context: {'error': 'ILLEGAL STATE TRANSITION: INIT -> ANALYZED'}
[2026-02-13T11:59:34.711879] [INFO] UPLOAD SUCCESS: Triggering Transition INIT -> READY | Context: {}
[2026-02-13T11:59:34.714265] [INFO] STATE TRANSITION SUCCESS: INIT -> READY | Context: {}
[2026-02-13 11:59:40,407] [ERROR] Error extracting GSTR-1 metadata from D:/WORK/Scrutiny 2022-23/pactmachinesscrutiny202223/GSTR-1_IFF_32AAFCP2036B1Z5_032023.pdf: name 're_IGNORECASE' is not defined
[2026-02-13T12:00:11.207867] [INFO] STATE TRANSITION SUCCESS: READY -> ANALYZED | Context: {}
[2026-02-17T19:57:17.771239] [ERROR] Analysis failed: INTEGRITY ERROR: Scrutiny Issue 'GSTR 3B vs 2B (discrepancy identified from GSTR 9)' has no 'issue_id'. Parser must emit Semantic IDs. | Context: {'error': "INTEGRITY ERROR: Scrutiny Issue 'GSTR 3B vs 2B (discrepancy identified from GSTR 9)' has no 'issue_id'. Parser must emit Semantic IDs."}
[2026-02-18T00:27:17.022099] [ERROR] Analysis failed: FATAL INVARIANT FAILURE: Issue 'RCM_3B_VS_CASH' cannot be mapped to an SOP Point. DB and Fallback failed. | Context: {'error': "FATAL INVARIANT FAILURE: Issue 'RCM_3B_VS_CASH' cannot be mapped to an SOP Point. DB and Fallback failed."}
